{"C:\\Users\\patri\\Documents\\front_end\\gig_simulator\\gig_simulator\\src\\features\\create_setlist\\hooks\\use_setlist\\dragOperations.ts": {"path":"C:\\Users\\patri\\Documents\\front_end\\gig_simulator\\gig_simulator\\src\\features\\create_setlist\\hooks\\use_setlist\\dragOperations.ts","statementMap":{"0":{"start":{"line":13,"column":13},"end":{"line":33,"column":null}},"1":{"start":{"line":19,"column":2},"end":{"line":22,"column":null}},"2":{"start":{"line":20,"column":4},"end":{"line":20,"column":null}},"3":{"start":{"line":20,"column":31},"end":{"line":20,"column":null}},"4":{"start":{"line":21,"column":4},"end":{"line":21,"column":null}},"5":{"start":{"line":24,"column":2},"end":{"line":26,"column":null}},"6":{"start":{"line":25,"column":4},"end":{"line":25,"column":null}},"7":{"start":{"line":28,"column":2},"end":{"line":30,"column":null}},"8":{"start":{"line":29,"column":4},"end":{"line":29,"column":null}},"9":{"start":{"line":32,"column":2},"end":{"line":32,"column":null}},"10":{"start":{"line":35,"column":13},"end":{"line":39,"column":null}},"11":{"start":{"line":35,"column":78},"end":{"line":39,"column":null}},"12":{"start":{"line":41,"column":13},"end":{"line":43,"column":null}},"13":{"start":{"line":41,"column":78},"end":{"line":43,"column":null}}},"fnMap":{"0":{"name":"(anonymous_0)","decl":{"start":{"line":13,"column":13},"end":{"line":13,"column":null}},"loc":{"start":{"line":18,"column":20},"end":{"line":33,"column":null}},"line":18},"1":{"name":"(anonymous_1)","decl":{"start":{"line":35,"column":13},"end":{"line":35,"column":29}},"loc":{"start":{"line":35,"column":78},"end":{"line":39,"column":null}},"line":35},"2":{"name":"(anonymous_2)","decl":{"start":{"line":41,"column":13},"end":{"line":41,"column":30}},"loc":{"start":{"line":41,"column":78},"end":{"line":43,"column":null}},"line":41}},"branchMap":{"0":{"loc":{"start":{"line":19,"column":2},"end":{"line":22,"column":null}},"type":"if","locations":[{"start":{"line":19,"column":2},"end":{"line":22,"column":null}},{"start":{},"end":{}}],"line":19},"1":{"loc":{"start":{"line":20,"column":4},"end":{"line":20,"column":null}},"type":"if","locations":[{"start":{"line":20,"column":4},"end":{"line":20,"column":null}},{"start":{},"end":{}}],"line":20},"2":{"loc":{"start":{"line":24,"column":2},"end":{"line":26,"column":null}},"type":"if","locations":[{"start":{"line":24,"column":2},"end":{"line":26,"column":null}},{"start":{},"end":{}}],"line":24},"3":{"loc":{"start":{"line":24,"column":6},"end":{"line":24,"column":56}},"type":"binary-expr","locations":[{"start":{"line":24,"column":6},"end":{"line":24,"column":33}},{"start":{"line":24,"column":33},"end":{"line":24,"column":56}}],"line":24},"4":{"loc":{"start":{"line":28,"column":2},"end":{"line":30,"column":null}},"type":"if","locations":[{"start":{"line":28,"column":2},"end":{"line":30,"column":null}},{"start":{},"end":{}}],"line":28},"5":{"loc":{"start":{"line":28,"column":6},"end":{"line":28,"column":56}},"type":"binary-expr","locations":[{"start":{"line":28,"column":6},"end":{"line":28,"column":33}},{"start":{"line":28,"column":33},"end":{"line":28,"column":56}}],"line":28}},"s":{"0":2,"1":5,"2":3,"3":1,"4":2,"5":2,"6":1,"7":1,"8":1,"9":0,"10":2,"11":1,"12":2,"13":1},"f":{"0":5,"1":1,"2":1},"b":{"0":[3,2],"1":[1,2],"2":[1,1],"3":[2,1],"4":[1,0],"5":[1,1]},"meta":{"lastBranch":6,"lastFunction":3,"lastStatement":14,"seen":{"s:13:13:33:Infinity":0,"f:13:13:13:Infinity":0,"b:19:2:22:Infinity:undefined:undefined:undefined:undefined":0,"s:19:2:22:Infinity":1,"b:20:4:20:Infinity:undefined:undefined:undefined:undefined":1,"s:20:4:20:Infinity":2,"s:20:31:20:Infinity":3,"s:21:4:21:Infinity":4,"b:24:2:26:Infinity:undefined:undefined:undefined:undefined":2,"s:24:2:26:Infinity":5,"b:24:6:24:33:24:33:24:56":3,"s:25:4:25:Infinity":6,"b:28:2:30:Infinity:undefined:undefined:undefined:undefined":4,"s:28:2:30:Infinity":7,"b:28:6:28:33:28:33:28:56":5,"s:29:4:29:Infinity":8,"s:32:2:32:Infinity":9,"s:35:13:39:Infinity":10,"f:35:13:35:29":1,"s:35:78:39:Infinity":11,"s:41:13:43:Infinity":12,"f:41:13:41:30":2,"s:41:78:43:Infinity":13},"fnNames":{}}}
,"C:\\Users\\patri\\Documents\\front_end\\gig_simulator\\gig_simulator\\src\\features\\create_setlist\\hooks\\use_setlist\\useSetlist.ts": {"path":"C:\\Users\\patri\\Documents\\front_end\\gig_simulator\\gig_simulator\\src\\features\\create_setlist\\hooks\\use_setlist\\useSetlist.ts","statementMap":{"0":{"start":{"line":27,"column":6},"end":{"line":154,"column":null}},"1":{"start":{"line":27,"column":19},"end":{"line":27,"column":null}},"2":{"start":{"line":27,"column":19},"end":{"line":34,"column":null}},"3":{"start":{"line":34,"column":17},"end":{"line":34,"column":72}},"4":{"start":{"line":34,"column":72},"end":{"line":34,"column":null}},"5":{"start":{"line":34,"column":72},"end":{"line":35,"column":null}},"6":{"start":{"line":35,"column":17},"end":{"line":35,"column":19}},"7":{"start":{"line":35,"column":19},"end":{"line":35,"column":null}},"8":{"start":{"line":35,"column":19},"end":{"line":37,"column":7}},"9":{"start":{"line":30,"column":24},"end":{"line":37,"column":5}},"10":{"start":{"line":37,"column":5},"end":{"line":37,"column":7}},"11":{"start":{"line":29,"column":2},"end":{"line":37,"column":7}},"12":{"start":{"line":37,"column":7},"end":{"line":40,"column":68}},"13":{"start":{"line":40,"column":38},"end":{"line":40,"column":66}},"14":{"start":{"line":40,"column":66},"end":{"line":40,"column":68}},"15":{"start":{"line":40,"column":2},"end":{"line":40,"column":68}},"16":{"start":{"line":40,"column":68},"end":{"line":41,"column":68}},"17":{"start":{"line":41,"column":38},"end":{"line":41,"column":66}},"18":{"start":{"line":41,"column":66},"end":{"line":41,"column":68}},"19":{"start":{"line":41,"column":2},"end":{"line":41,"column":68}},"20":{"start":{"line":41,"column":68},"end":{"line":47,"column":5}},"21":{"start":{"line":44,"column":32},"end":{"line":47,"column":3}},"22":{"start":{"line":47,"column":3},"end":{"line":47,"column":5}},"23":{"start":{"line":44,"column":2},"end":{"line":47,"column":5}},"24":{"start":{"line":47,"column":5},"end":{"line":50,"column":54}},"25":{"start":{"line":50,"column":27},"end":{"line":50,"column":45}},"26":{"start":{"line":50,"column":45},"end":{"line":50,"column":54}},"27":{"start":{"line":50,"column":45},"end":{"line":59,"column":null}},"28":{"start":{"line":50,"column":45},"end":{"line":59,"column":5}},"29":{"start":{"line":50,"column":54},"end":{"line":58,"column":null}},"30":{"start":{"line":52,"column":4},"end":{"line":52,"column":null}},"31":{"start":{"line":55,"column":6},"end":{"line":55,"column":24}},"32":{"start":{"line":55,"column":40},"end":{"line":55,"column":76}},"33":{"start":{"line":56,"column":8},"end":{"line":58,"column":50}},"34":{"start":{"line":59,"column":3},"end":{"line":59,"column":5}},"35":{"start":{"line":50,"column":26},"end":{"line":59,"column":7}},"36":{"start":{"line":59,"column":7},"end":{"line":59,"column":null}},"37":{"start":{"line":50,"column":26},"end":{"line":50,"column":27}},"38":{"start":{"line":62,"column":24},"end":{"line":62,"column":null}},"39":{"start":{"line":69,"column":4},"end":{"line":82,"column":4}},"40":{"start":{"line":80,"column":32},"end":{"line":81,"column":null}},"41":{"start":{"line":81,"column":11},"end":{"line":81,"column":null}},"42":{"start":{"line":81,"column":45},"end":{"line":81,"column":71}},"43":{"start":{"line":82,"column":3},"end":{"line":82,"column":4}},"44":{"start":{"line":80,"column":32},"end":{"line":80,"column":null}},"45":{"start":{"line":82,"column":4},"end":{"line":137,"column":null}},"46":{"start":{"line":86,"column":24},"end":{"line":136,"column":null}},"47":{"start":{"line":93,"column":31},"end":{"line":93,"column":null}},"48":{"start":{"line":94,"column":4},"end":{"line":94,"column":null}},"49":{"start":{"line":94,"column":49},"end":{"line":94,"column":null}},"50":{"start":{"line":97,"column":22},"end":{"line":97,"column":null}},"51":{"start":{"line":98,"column":4},"end":{"line":98,"column":null}},"52":{"start":{"line":99,"column":21},"end":{"line":99,"column":null}},"53":{"start":{"line":102,"column":22},"end":{"line":102,"column":null}},"54":{"start":{"line":103,"column":20},"end":{"line":107,"column":null}},"55":{"start":{"line":109,"column":4},"end":{"line":109,"column":null}},"56":{"start":{"line":111,"column":4},"end":{"line":136,"column":5}},"57":{"start":{"line":112,"column":17},"end":{"line":112,"column":null}},"58":{"start":{"line":116,"column":8},"end":{"line":119,"column":null}},"59":{"start":{"line":117,"column":10},"end":{"line":117,"column":68}},"60":{"start":{"line":119,"column":10},"end":{"line":119,"column":68}},"61":{"start":{"line":120,"column":9},"end":{"line":120,"column":null}},"62":{"start":{"line":124,"column":27},"end":{"line":124,"column":null}},"63":{"start":{"line":125,"column":8},"end":{"line":125,"column":null}},"64":{"start":{"line":126,"column":8},"end":{"line":126,"column":49}},"65":{"start":{"line":126,"column":49},"end":{"line":126,"column":null}},"66":{"start":{"line":131,"column":27},"end":{"line":131,"column":null}},"67":{"start":{"line":132,"column":8},"end":{"line":132,"column":null}},"68":{"start":{"line":133,"column":8},"end":{"line":133,"column":49}},"69":{"start":{"line":133,"column":49},"end":{"line":133,"column":null}},"70":{"start":{"line":137,"column":3},"end":{"line":137,"column":null}},"71":{"start":{"line":86,"column":24},"end":{"line":86,"column":null}},"72":{"start":{"line":140,"column":16},"end":{"line":140,"column":36}},"73":{"start":{"line":141,"column":16},"end":{"line":141,"column":36}},"74":{"start":{"line":143,"column":19},"end":{"line":143,"column":39}},"75":{"start":{"line":144,"column":19},"end":{"line":144,"column":39}},"76":{"start":{"line":145,"column":19},"end":{"line":145,"column":39}},"77":{"start":{"line":146,"column":19},"end":{"line":146,"column":39}},"78":{"start":{"line":146,"column":39},"end":{"line":153,"column":null}},"79":{"start":{"line":153,"column":18},"end":{"line":153,"column":45}},"80":{"start":{"line":153,"column":45},"end":{"line":153,"column":null}},"81":{"start":{"line":153,"column":45},"end":{"line":154,"column":null}},"82":{"start":{"line":139,"column":9},"end":{"line":154,"column":3}},"83":{"start":{"line":154,"column":3},"end":{"line":154,"column":null}},"84":{"start":{"line":154,"column":3},"end":{"line":139,"column":null}},"85":{"start":{"line":27,"column":19},"end":{"line":34,"column":70}},"86":{"start":{"line":63,"column":42},"end":{"line":67,"column":null}},"87":{"start":{"line":68,"column":4},"end":{"line":68,"column":27}}},"fnMap":{"0":{"name":"(anonymous_0)","decl":{"start":{"line":27,"column":6},"end":{"line":27,"column":19}},"loc":{"start":{"line":27,"column":19},"end":{"line":154,"column":null}},"line":27},"1":{"name":"(anonymous_1)","decl":{"start":{"line":50,"column":54},"end":{"line":50,"column":null}},"loc":{"start":{"line":50,"column":54},"end":{"line":58,"column":null}},"line":50},"2":{"name":"(anonymous_2)","decl":{"start":{"line":55,"column":24},"end":{"line":55,"column":30}},"loc":{"start":{"line":55,"column":40},"end":{"line":55,"column":76}},"line":55},"3":{"name":"(anonymous_3)","decl":{"start":{"line":80,"column":32},"end":{"line":80,"column":null}},"loc":{"start":{"line":81,"column":11},"end":{"line":81,"column":null}},"line":81},"4":{"name":"(anonymous_4)","decl":{"start":{"line":81,"column":29},"end":{"line":81,"column":35}},"loc":{"start":{"line":81,"column":45},"end":{"line":81,"column":71}},"line":81},"5":{"name":"(anonymous_5)","decl":{"start":{"line":86,"column":24},"end":{"line":86,"column":null}},"loc":{"start":{"line":86,"column":24},"end":{"line":136,"column":null}},"line":86},"6":{"name":"_temp","decl":{"start":{"line":27,"column":19},"end":{"line":27,"column":null}},"loc":{"start":{"line":27,"column":19},"end":{"line":34,"column":71}},"line":27}},"branchMap":{"0":{"loc":{"start":{"line":27,"column":19},"end":{"line":34,"column":null}},"type":"if","locations":[{"start":{"line":27,"column":19},"end":{"line":34,"column":null}},{"start":{"line":34,"column":72},"end":{"line":34,"column":null}}],"line":27},"1":{"loc":{"start":{"line":34,"column":72},"end":{"line":35,"column":null}},"type":"if","locations":[{"start":{"line":34,"column":72},"end":{"line":35,"column":null}},{"start":{"line":35,"column":19},"end":{"line":35,"column":null}}],"line":34},"2":{"loc":{"start":{"line":35,"column":19},"end":{"line":37,"column":7}},"type":"if","locations":[{"start":{"line":35,"column":19},"end":{"line":37,"column":7}},{"start":{"line":37,"column":5},"end":{"line":37,"column":7}}],"line":35},"3":{"loc":{"start":{"line":37,"column":7},"end":{"line":40,"column":68}},"type":"if","locations":[{"start":{"line":37,"column":7},"end":{"line":40,"column":68}},{"start":{"line":40,"column":66},"end":{"line":40,"column":68}}],"line":37},"4":{"loc":{"start":{"line":40,"column":68},"end":{"line":41,"column":68}},"type":"if","locations":[{"start":{"line":40,"column":68},"end":{"line":41,"column":68}},{"start":{"line":41,"column":66},"end":{"line":41,"column":68}}],"line":40},"5":{"loc":{"start":{"line":41,"column":68},"end":{"line":47,"column":5}},"type":"if","locations":[{"start":{"line":41,"column":68},"end":{"line":47,"column":5}},{"start":{"line":47,"column":3},"end":{"line":47,"column":5}}],"line":41},"6":{"loc":{"start":{"line":47,"column":5},"end":{"line":50,"column":54}},"type":"if","locations":[{"start":{"line":47,"column":5},"end":{"line":50,"column":54}},{"start":{"line":50,"column":45},"end":{"line":50,"column":54}}],"line":47},"7":{"loc":{"start":{"line":50,"column":27},"end":{"line":50,"column":45}},"type":"binary-expr","locations":[{"start":{"line":50,"column":27},"end":{"line":50,"column":45}},{"start":{"line":50,"column":27},"end":{"line":50,"column":45}}],"line":50},"8":{"loc":{"start":{"line":50,"column":45},"end":{"line":59,"column":null}},"type":"if","locations":[{"start":{"line":50,"column":45},"end":{"line":59,"column":null}},{"start":{"line":59,"column":7},"end":{"line":59,"column":null}}],"line":50},"9":{"loc":{"start":{"line":50,"column":45},"end":{"line":50,"column":54}},"type":"binary-expr","locations":[{"start":{"line":50,"column":45},"end":{"line":50,"column":54}},{"start":{"line":50,"column":45},"end":{"line":50,"column":54}}],"line":50},"10":{"loc":{"start":{"line":50,"column":45},"end":{"line":59,"column":5}},"type":"if","locations":[{"start":{"line":50,"column":45},"end":{"line":59,"column":5}},{"start":{"line":59,"column":3},"end":{"line":59,"column":5}}],"line":50},"11":{"loc":{"start":{"line":55,"column":6},"end":{"line":55,"column":24}},"type":"binary-expr","locations":[{"start":{"line":55,"column":6},"end":{"line":55,"column":null}},{"start":{"line":55,"column":6},"end":{"line":55,"column":24}}],"line":55},"12":{"loc":{"start":{"line":69,"column":4},"end":{"line":82,"column":4}},"type":"if","locations":[{"start":{"line":69,"column":4},"end":{"line":82,"column":4}},{"start":{"line":82,"column":3},"end":{"line":82,"column":4}}],"line":69},"13":{"loc":{"start":{"line":82,"column":4},"end":{"line":137,"column":null}},"type":"if","locations":[{"start":{"line":82,"column":4},"end":{"line":137,"column":null}},{"start":{"line":137,"column":3},"end":{"line":137,"column":null}}],"line":82},"14":{"loc":{"start":{"line":82,"column":4},"end":{"line":82,"column":null}},"type":"binary-expr","locations":[{"start":{"line":82,"column":4},"end":{"line":82,"column":null}},{"start":{"line":82,"column":4},"end":{"line":82,"column":null}}],"line":82},"15":{"loc":{"start":{"line":94,"column":4},"end":{"line":94,"column":null}},"type":"if","locations":[{"start":{"line":94,"column":4},"end":{"line":94,"column":null}},{"start":{},"end":{}}],"line":94},"16":{"loc":{"start":{"line":94,"column":8},"end":{"line":94,"column":49}},"type":"binary-expr","locations":[{"start":{"line":94,"column":8},"end":{"line":94,"column":20}},{"start":{"line":94,"column":8},"end":{"line":94,"column":31}},{"start":{"line":94,"column":8},"end":{"line":94,"column":49}}],"line":94},"17":{"loc":{"start":{"line":99,"column":21},"end":{"line":99,"column":null}},"type":"cond-expr","locations":[{"start":{"line":99,"column":40},"end":{"line":99,"column":55}},{"start":{"line":99,"column":55},"end":{"line":99,"column":null}}],"line":99},"18":{"loc":{"start":{"line":103,"column":20},"end":{"line":107,"column":null}},"type":"cond-expr","locations":[{"start":{"line":104,"column":8},"end":{"line":104,"column":null}},{"start":{"line":105,"column":8},"end":{"line":107,"column":null}}],"line":103},"19":{"loc":{"start":{"line":105,"column":8},"end":{"line":107,"column":null}},"type":"cond-expr","locations":[{"start":{"line":106,"column":10},"end":{"line":106,"column":null}},{"start":{"line":107,"column":10},"end":{"line":107,"column":null}}],"line":105},"20":{"loc":{"start":{"line":111,"column":4},"end":{"line":136,"column":5}},"type":"switch","locations":[{"start":{"line":111,"column":26},"end":{"line":112,"column":null}},{"start":{"line":112,"column":17},"end":{"line":120,"column":null}},{"start":{"line":120,"column":9},"end":{"line":126,"column":null}},{"start":{"line":126,"column":49},"end":{"line":133,"column":null}}],"line":111},"21":{"loc":{"start":{"line":116,"column":8},"end":{"line":119,"column":null}},"type":"if","locations":[{"start":{"line":116,"column":8},"end":{"line":119,"column":null}},{"start":{"line":117,"column":68},"end":{"line":119,"column":null}}],"line":116},"22":{"loc":{"start":{"line":146,"column":39},"end":{"line":153,"column":null}},"type":"if","locations":[{"start":{"line":146,"column":39},"end":{"line":153,"column":null}},{"start":{"line":153,"column":45},"end":{"line":153,"column":null}}],"line":146},"23":{"loc":{"start":{"line":153,"column":45},"end":{"line":154,"column":null}},"type":"if","locations":[{"start":{"line":153,"column":45},"end":{"line":154,"column":null}},{"start":{"line":154,"column":3},"end":{"line":154,"column":null}}],"line":153},"24":{"loc":{"start":{"line":153,"column":45},"end":{"line":153,"column":null}},"type":"binary-expr","locations":[{"start":{"line":153,"column":45},"end":{"line":153,"column":null}},{"start":{"line":153,"column":45},"end":{"line":153,"column":null}},{"start":{"line":153,"column":45},"end":{"line":153,"column":null}},{"start":{"line":153,"column":45},"end":{"line":153,"column":null}},{"start":{"line":153,"column":45},"end":{"line":153,"column":null}},{"start":{"line":153,"column":45},"end":{"line":153,"column":null}},{"start":{"line":153,"column":45},"end":{"line":153,"column":null}},{"start":{"line":153,"column":45},"end":{"line":153,"column":null}},{"start":{"line":153,"column":45},"end":{"line":153,"column":null}},{"start":{"line":153,"column":45},"end":{"line":153,"column":null}},{"start":{"line":153,"column":45},"end":{"line":153,"column":null}},{"start":{"line":153,"column":45},"end":{"line":153,"column":null}},{"start":{"line":153,"column":45},"end":{"line":153,"column":null}}],"line":153}},"s":{"0":1,"1":18,"2":18,"3":6,"4":12,"5":18,"6":6,"7":12,"8":18,"9":6,"10":12,"11":18,"12":18,"13":6,"14":12,"15":18,"16":18,"17":6,"18":12,"19":18,"20":18,"21":6,"22":12,"23":18,"24":18,"25":14,"26":4,"27":18,"28":14,"29":6,"30":3,"31":3,"32":6,"33":3,"34":8,"35":14,"36":4,"37":18,"38":18,"39":18,"40":6,"41":1,"42":2,"43":12,"44":18,"45":18,"46":18,"47":0,"48":0,"49":0,"50":0,"51":0,"52":0,"53":0,"54":0,"55":0,"56":0,"57":0,"58":0,"59":0,"60":0,"61":0,"62":0,"63":0,"64":0,"65":0,"66":0,"67":0,"68":0,"69":0,"70":0,"71":18,"72":18,"73":18,"74":18,"75":18,"76":18,"77":18,"78":18,"79":6,"80":12,"81":18,"82":18,"83":0,"84":18,"85":12,"86":0,"87":0},"f":{"0":18,"1":3,"2":6,"3":1,"4":2,"5":0,"6":12},"b":{"0":[6,12],"1":[6,12],"2":[6,12],"3":[6,12],"4":[6,12],"5":[6,12],"6":[14,4],"7":[14,0],"8":[14,4],"9":[18,12],"10":[6,8],"11":[3,1],"12":[6,12],"13":[18,0],"14":[18,0],"15":[0,0],"16":[0,0,0],"17":[0,0],"18":[0,0],"19":[0,0],"20":[0,0,0,0],"21":[0,0],"22":[6,12],"23":[18,0],"24":[18,12,12,0,0,0,0,0,0,0,0,0,0]},"meta":{"lastBranch":25,"lastFunction":7,"lastStatement":88,"seen":{"s:27:6:154:Infinity":0,"f:27:6:27:19":0,"s:27:19:27:Infinity":1,"b:27:19:34:Infinity:34:72:34:Infinity":0,"s:27:19:34:Infinity":2,"s:34:17:34:72":3,"s:34:72:34:Infinity":4,"b:34:72:35:Infinity:35:19:35:Infinity":1,"s:34:72:35:Infinity":5,"s:35:17:35:19":6,"s:35:19:35:Infinity":7,"b:35:19:37:7:37:5:37:7":2,"s:35:19:37:7":8,"s:30:24:37:5":9,"s:37:5:37:7":10,"s:29:2:37:7":11,"b:37:7:40:68:40:66:40:68":3,"s:37:7:40:68":12,"s:40:38:40:66":13,"s:40:66:40:68":14,"s:40:2:40:68":15,"b:40:68:41:68:41:66:41:68":4,"s:40:68:41:68":16,"s:41:38:41:66":17,"s:41:66:41:68":18,"s:41:2:41:68":19,"b:41:68:47:5:47:3:47:5":5,"s:41:68:47:5":20,"s:44:32:47:3":21,"s:47:3:47:5":22,"s:44:2:47:5":23,"b:47:5:50:54:50:45:50:54":6,"s:47:5:50:54":24,"s:50:27:50:45":25,"b:50:27:50:45:50:27:50:45":7,"s:50:45:50:54":26,"b:50:45:59:Infinity:59:7:59:Infinity":8,"s:50:45:59:Infinity":27,"b:50:45:50:54:50:45:50:54":9,"b:50:45:59:5:59:3:59:5":10,"s:50:45:59:5":28,"s:50:54:58:Infinity":29,"f:50:54:50:Infinity":1,"s:52:4:52:Infinity":30,"s:55:6:55:24":31,"b:55:6:55:Infinity:55:6:55:24":11,"f:55:24:55:30":2,"s:55:40:55:76":32,"s:56:8:58:50":33,"s:59:3:59:5":34,"s:50:26:59:7":35,"s:59:7:59:Infinity":36,"s:50:26:50:27":37,"s:62:24:62:Infinity":38,"b:69:4:82:4:82:3:82:4":12,"s:69:4:82:4":39,"s:80:32:81:Infinity":40,"f:80:32:80:Infinity":3,"s:81:11:81:Infinity":41,"f:81:29:81:35":4,"s:81:45:81:71":42,"s:82:3:82:4":43,"s:80:32:80:Infinity":44,"b:82:4:137:Infinity:137:3:137:Infinity":13,"s:82:4:137:Infinity":45,"b:82:4:82:Infinity:82:4:82:Infinity":14,"s:86:24:136:Infinity":46,"f:86:24:86:Infinity":5,"s:93:31:93:Infinity":47,"b:94:4:94:Infinity:undefined:undefined:undefined:undefined":15,"s:94:4:94:Infinity":48,"b:94:8:94:20:94:8:94:31:94:8:94:49":16,"s:94:49:94:Infinity":49,"s:97:22:97:Infinity":50,"s:98:4:98:Infinity":51,"s:99:21:99:Infinity":52,"b:99:40:99:55:99:55:99:Infinity":17,"s:102:22:102:Infinity":53,"s:103:20:107:Infinity":54,"b:104:8:104:Infinity:105:8:107:Infinity":18,"b:106:10:106:Infinity:107:10:107:Infinity":19,"s:109:4:109:Infinity":55,"b:111:26:112:Infinity:112:17:120:Infinity:120:9:126:Infinity:126:49:133:Infinity":20,"s:111:4:136:5":56,"s:112:17:112:Infinity":57,"b:116:8:119:Infinity:117:68:119:Infinity":21,"s:116:8:119:Infinity":58,"s:117:10:117:68":59,"s:119:10:119:68":60,"s:120:9:120:Infinity":61,"s:124:27:124:Infinity":62,"s:125:8:125:Infinity":63,"s:126:8:126:49":64,"s:126:49:126:Infinity":65,"s:131:27:131:Infinity":66,"s:132:8:132:Infinity":67,"s:133:8:133:49":68,"s:133:49:133:Infinity":69,"s:137:3:137:Infinity":70,"s:86:24:86:Infinity":71,"s:140:16:140:36":72,"s:141:16:141:36":73,"s:143:19:143:39":74,"s:144:19:144:39":75,"s:145:19:145:39":76,"s:146:19:146:39":77,"b:146:39:153:Infinity:153:45:153:Infinity":22,"s:146:39:153:Infinity":78,"s:153:18:153:45":79,"s:153:45:153:Infinity":80,"b:153:45:154:Infinity:154:3:154:Infinity":23,"s:153:45:154:Infinity":81,"b:153:45:153:Infinity:153:45:153:Infinity:153:45:153:Infinity:153:45:153:Infinity:153:45:153:Infinity:153:45:153:Infinity:153:45:153:Infinity:153:45:153:Infinity:153:45:153:Infinity:153:45:153:Infinity:153:45:153:Infinity:153:45:153:Infinity:153:45:153:Infinity":24,"s:139:9:154:3":82,"s:154:3:154:Infinity":83,"s:154:3:139:Infinity":84,"f:27:19:27:Infinity":6,"s:27:19:34:70":85,"s:63:42:67:Infinity":86,"s:68:4:68:27":87},"fnNames":{}}}
,"C:\\Users\\patri\\Documents\\front_end\\gig_simulator\\gig_simulator\\src\\features\\review_setlists\\hooks\\use_review\\useReview.ts": {"path":"C:\\Users\\patri\\Documents\\front_end\\gig_simulator\\gig_simulator\\src\\features\\review_setlists\\hooks\\use_review\\useReview.ts","statementMap":{"0":{"start":{"line":9,"column":6},"end":{"line":85,"column":null}},"1":{"start":{"line":9,"column":18},"end":{"line":9,"column":null}},"2":{"start":{"line":10,"column":2},"end":{"line":12,"column":null}},"3":{"start":{"line":13,"column":2},"end":{"line":15,"column":4}},"4":{"start":{"line":15,"column":4},"end":{"line":22,"column":8}},"5":{"start":{"line":18,"column":12},"end":{"line":21,"column":null}},"6":{"start":{"line":19,"column":4},"end":{"line":19,"column":null}},"7":{"start":{"line":19,"column":26},"end":{"line":19,"column":null}},"8":{"start":{"line":20,"column":4},"end":{"line":20,"column":45}},"9":{"start":{"line":20,"column":45},"end":{"line":21,"column":61}},"10":{"start":{"line":21,"column":17},"end":{"line":21,"column":61}},"11":{"start":{"line":22,"column":5},"end":{"line":22,"column":7}},"12":{"start":{"line":22,"column":7},"end":{"line":22,"column":8}},"13":{"start":{"line":18,"column":2},"end":{"line":22,"column":8}},"14":{"start":{"line":22,"column":8},"end":{"line":44,"column":null}},"15":{"start":{"line":27,"column":28},"end":{"line":27,"column":null}},"16":{"start":{"line":28,"column":29},"end":{"line":28,"column":73}},"17":{"start":{"line":32,"column":4},"end":{"line":32,"column":null}},"18":{"start":{"line":36,"column":26},"end":{"line":44,"column":77}},"19":{"start":{"line":38,"column":21},"end":{"line":38,"column":62}},"20":{"start":{"line":38,"column":41},"end":{"line":38,"column":60}},"21":{"start":{"line":38,"column":62},"end":{"line":39,"column":null}},"22":{"start":{"line":44,"column":77},"end":{"line":44,"column":null}},"23":{"start":{"line":36,"column":26},"end":{"line":36,"column":41}},"24":{"start":{"line":46,"column":4},"end":{"line":46,"column":null}},"25":{"start":{"line":47,"column":33},"end":{"line":55,"column":null}},"26":{"start":{"line":52,"column":11},"end":{"line":55,"column":7}},"27":{"start":{"line":55,"column":7},"end":{"line":55,"column":null}},"28":{"start":{"line":52,"column":4},"end":{"line":52,"column":11}},"29":{"start":{"line":56,"column":17},"end":{"line":61,"column":null}},"30":{"start":{"line":59,"column":11},"end":{"line":59,"column":null}},"31":{"start":{"line":60,"column":31},"end":{"line":60,"column":null}},"32":{"start":{"line":61,"column":17},"end":{"line":61,"column":null}},"33":{"start":{"line":59,"column":4},"end":{"line":59,"column":11}},"34":{"start":{"line":62,"column":33},"end":{"line":70,"column":null}},"35":{"start":{"line":65,"column":11},"end":{"line":65,"column":null}},"36":{"start":{"line":70,"column":9},"end":{"line":70,"column":null}},"37":{"start":{"line":65,"column":4},"end":{"line":65,"column":11}},"38":{"start":{"line":71,"column":25},"end":{"line":77,"column":4}},"39":{"start":{"line":74,"column":24},"end":{"line":76,"column":null}},"40":{"start":{"line":75,"column":4},"end":{"line":75,"column":null}},"41":{"start":{"line":75,"column":25},"end":{"line":75,"column":43}},"42":{"start":{"line":76,"column":4},"end":{"line":76,"column":25}},"43":{"start":{"line":77,"column":3},"end":{"line":77,"column":4}},"44":{"start":{"line":74,"column":24},"end":{"line":74,"column":null}},"45":{"start":{"line":77,"column":4},"end":{"line":85,"column":null}},"46":{"start":{"line":79,"column":9},"end":{"line":85,"column":3}},"47":{"start":{"line":85,"column":3},"end":{"line":85,"column":null}},"48":{"start":{"line":85,"column":3},"end":{"line":79,"column":null}},"49":{"start":{"line":9,"column":18},"end":{"line":14,"column":20}},"50":{"start":{"line":9,"column":18},"end":{"line":44,"column":76}},"51":{"start":{"line":52,"column":25},"end":{"line":52,"column":51}},"52":{"start":{"line":52,"column":51},"end":{"line":55,"column":5}},"53":{"start":{"line":67,"column":10},"end":{"line":67,"column":79}},"54":{"start":{"line":67,"column":79},"end":{"line":68,"column":60}}},"fnMap":{"0":{"name":"(anonymous_0)","decl":{"start":{"line":9,"column":6},"end":{"line":9,"column":18}},"loc":{"start":{"line":9,"column":18},"end":{"line":85,"column":null}},"line":9},"1":{"name":"(anonymous_1)","decl":{"start":{"line":18,"column":12},"end":{"line":18,"column":null}},"loc":{"start":{"line":18,"column":12},"end":{"line":21,"column":null}},"line":18},"2":{"name":"(anonymous_2)","decl":{"start":{"line":19,"column":4},"end":{"line":19,"column":26}},"loc":{"start":{"line":19,"column":26},"end":{"line":19,"column":null}},"line":19},"3":{"name":"(anonymous_3)","decl":{"start":{"line":20,"column":45},"end":{"line":20,"column":null}},"loc":{"start":{"line":21,"column":17},"end":{"line":21,"column":61}},"line":21},"4":{"name":"(anonymous_4)","decl":{"start":{"line":28,"column":16},"end":{"line":28,"column":22}},"loc":{"start":{"line":28,"column":29},"end":{"line":28,"column":73}},"line":28},"5":{"name":"(anonymous_5)","decl":{"start":{"line":36,"column":41},"end":{"line":36,"column":null}},"loc":{"start":{"line":37,"column":12},"end":{"line":41,"column":null}},"line":37},"6":{"name":"(anonymous_6)","decl":{"start":{"line":38,"column":28},"end":{"line":38,"column":34}},"loc":{"start":{"line":38,"column":41},"end":{"line":38,"column":60}},"line":38},"7":{"name":"(anonymous_7)","decl":{"start":{"line":60,"column":16},"end":{"line":60,"column":22}},"loc":{"start":{"line":60,"column":31},"end":{"line":60,"column":null}},"line":60},"8":{"name":"(anonymous_8)","decl":{"start":{"line":74,"column":24},"end":{"line":74,"column":null}},"loc":{"start":{"line":74,"column":24},"end":{"line":76,"column":null}},"line":74},"9":{"name":"(anonymous_9)","decl":{"start":{"line":75,"column":12},"end":{"line":75,"column":18}},"loc":{"start":{"line":75,"column":25},"end":{"line":75,"column":43}},"line":75},"10":{"name":"_temp","decl":{"start":{"line":9,"column":18},"end":{"line":9,"column":null}},"loc":{"start":{"line":9,"column":18},"end":{"line":14,"column":null}},"line":9}},"branchMap":{"0":{"loc":{"start":{"line":15,"column":4},"end":{"line":22,"column":8}},"type":"if","locations":[{"start":{"line":15,"column":4},"end":{"line":22,"column":8}},{"start":{"line":22,"column":7},"end":{"line":22,"column":8}}],"line":15},"1":{"loc":{"start":{"line":22,"column":8},"end":{"line":44,"column":null}},"type":"if","locations":[{"start":{"line":22,"column":8},"end":{"line":44,"column":null}},{"start":{"line":44,"column":77},"end":{"line":44,"column":null}}],"line":22},"2":{"loc":{"start":{"line":22,"column":8},"end":{"line":22,"column":null}},"type":"binary-expr","locations":[{"start":{"line":22,"column":8},"end":{"line":22,"column":null}},{"start":{"line":22,"column":8},"end":{"line":22,"column":null}}],"line":22},"3":{"loc":{"start":{"line":27,"column":28},"end":{"line":27,"column":null}},"type":"cond-expr","locations":[{"start":{"line":28,"column":8},"end":{"line":28,"column":null}},{"start":{"line":27,"column":28},"end":{"line":27,"column":null}}],"line":27},"4":{"loc":{"start":{"line":39,"column":15},"end":{"line":39,"column":null}},"type":"cond-expr","locations":[{"start":{"line":39,"column":15},"end":{"line":41,"column":21}},{"start":{"line":39,"column":15},"end":{"line":39,"column":null}}],"line":39},"5":{"loc":{"start":{"line":47,"column":33},"end":{"line":55,"column":null}},"type":"if","locations":[{"start":{"line":47,"column":33},"end":{"line":55,"column":null}},{"start":{"line":55,"column":7},"end":{"line":55,"column":null}}],"line":47},"6":{"loc":{"start":{"line":56,"column":17},"end":{"line":61,"column":null}},"type":"if","locations":[{"start":{"line":56,"column":17},"end":{"line":61,"column":null}},{"start":{"line":61,"column":17},"end":{"line":61,"column":null}}],"line":56},"7":{"loc":{"start":{"line":56,"column":17},"end":{"line":56,"column":null}},"type":"binary-expr","locations":[{"start":{"line":56,"column":17},"end":{"line":56,"column":null}},{"start":{"line":56,"column":17},"end":{"line":56,"column":null}}],"line":56},"8":{"loc":{"start":{"line":59,"column":11},"end":{"line":59,"column":null}},"type":"cond-expr","locations":[{"start":{"line":60,"column":8},"end":{"line":61,"column":17}},{"start":{"line":59,"column":11},"end":{"line":59,"column":null}}],"line":59},"9":{"loc":{"start":{"line":62,"column":33},"end":{"line":70,"column":null}},"type":"if","locations":[{"start":{"line":62,"column":33},"end":{"line":70,"column":null}},{"start":{"line":70,"column":9},"end":{"line":70,"column":null}}],"line":62},"10":{"loc":{"start":{"line":65,"column":11},"end":{"line":65,"column":null}},"type":"cond-expr","locations":[{"start":{"line":66,"column":8},"end":{"line":70,"column":9}},{"start":{"line":65,"column":11},"end":{"line":65,"column":null}}],"line":65},"11":{"loc":{"start":{"line":71,"column":25},"end":{"line":77,"column":4}},"type":"if","locations":[{"start":{"line":71,"column":25},"end":{"line":77,"column":4}},{"start":{"line":77,"column":3},"end":{"line":77,"column":4}}],"line":71},"12":{"loc":{"start":{"line":77,"column":4},"end":{"line":85,"column":null}},"type":"if","locations":[{"start":{"line":77,"column":4},"end":{"line":85,"column":null}},{"start":{"line":85,"column":3},"end":{"line":85,"column":null}}],"line":77},"13":{"loc":{"start":{"line":77,"column":4},"end":{"line":77,"column":null}},"type":"binary-expr","locations":[{"start":{"line":77,"column":4},"end":{"line":77,"column":null}},{"start":{"line":77,"column":4},"end":{"line":77,"column":null}},{"start":{"line":77,"column":4},"end":{"line":77,"column":null}},{"start":{"line":77,"column":4},"end":{"line":77,"column":null}},{"start":{"line":77,"column":4},"end":{"line":77,"column":null}}],"line":77}},"s":{"0":1,"1":7,"2":7,"3":7,"4":7,"5":4,"6":4,"7":0,"8":4,"9":4,"10":4,"11":4,"12":3,"13":7,"14":7,"15":7,"16":3,"17":7,"18":7,"19":2,"20":1,"21":2,"22":0,"23":7,"24":7,"25":7,"26":4,"27":3,"28":7,"29":7,"30":7,"31":3,"32":0,"33":7,"34":7,"35":6,"36":1,"37":7,"38":7,"39":4,"40":3,"41":3,"42":3,"43":3,"44":7,"45":7,"46":6,"47":1,"48":7,"49":4,"50":2,"51":3,"52":3,"53":1,"54":1},"f":{"0":7,"1":4,"2":0,"3":4,"4":3,"5":2,"6":1,"7":3,"8":3,"9":3,"10":10},"b":{"0":[4,3],"1":[7,0],"2":[7,0],"3":[3,4],"4":[1,1],"5":[4,3],"6":[7,0],"7":[7,0],"8":[3,4],"9":[6,1],"10":[2,4],"11":[4,3],"12":[6,1],"13":[7,3,1,1,1]},"meta":{"lastBranch":14,"lastFunction":11,"lastStatement":55,"seen":{"s:9:6:85:Infinity":0,"f:9:6:9:18":0,"s:9:18:9:Infinity":1,"s:10:2:12:Infinity":2,"s:13:2:15:4":3,"b:15:4:22:8:22:7:22:8":0,"s:15:4:22:8":4,"s:18:12:21:Infinity":5,"f:18:12:18:Infinity":1,"s:19:4:19:Infinity":6,"f:19:4:19:26":2,"s:19:26:19:Infinity":7,"s:20:4:20:45":8,"s:20:45:21:61":9,"f:20:45:20:Infinity":3,"s:21:17:21:61":10,"s:22:5:22:7":11,"s:22:7:22:8":12,"s:18:2:22:8":13,"b:22:8:44:Infinity:44:77:44:Infinity":1,"s:22:8:44:Infinity":14,"b:22:8:22:Infinity:22:8:22:Infinity":2,"s:27:28:27:Infinity":15,"b:28:8:28:Infinity:27:28:27:Infinity":3,"f:28:16:28:22":4,"s:28:29:28:73":16,"s:32:4:32:Infinity":17,"s:36:26:44:77":18,"f:36:41:36:Infinity":5,"s:38:21:38:62":19,"f:38:28:38:34":6,"s:38:41:38:60":20,"s:38:62:39:Infinity":21,"b:39:15:41:21:39:15:39:Infinity":4,"s:44:77:44:Infinity":22,"s:36:26:36:41":23,"s:46:4:46:Infinity":24,"b:47:33:55:Infinity:55:7:55:Infinity":5,"s:47:33:55:Infinity":25,"s:52:11:55:7":26,"s:55:7:55:Infinity":27,"s:52:4:52:11":28,"b:56:17:61:Infinity:61:17:61:Infinity":6,"s:56:17:61:Infinity":29,"b:56:17:56:Infinity:56:17:56:Infinity":7,"s:59:11:59:Infinity":30,"b:60:8:61:17:59:11:59:Infinity":8,"f:60:16:60:22":7,"s:60:31:60:Infinity":31,"s:61:17:61:Infinity":32,"s:59:4:59:11":33,"b:62:33:70:Infinity:70:9:70:Infinity":9,"s:62:33:70:Infinity":34,"s:65:11:65:Infinity":35,"b:66:8:70:9:65:11:65:Infinity":10,"s:70:9:70:Infinity":36,"s:65:4:65:11":37,"b:71:25:77:4:77:3:77:4":11,"s:71:25:77:4":38,"s:74:24:76:Infinity":39,"f:74:24:74:Infinity":8,"s:75:4:75:Infinity":40,"f:75:12:75:18":9,"s:75:25:75:43":41,"s:76:4:76:25":42,"s:77:3:77:4":43,"s:74:24:74:Infinity":44,"b:77:4:85:Infinity:85:3:85:Infinity":12,"s:77:4:85:Infinity":45,"b:77:4:77:Infinity:77:4:77:Infinity:77:4:77:Infinity:77:4:77:Infinity:77:4:77:Infinity":13,"s:79:9:85:3":46,"s:85:3:85:Infinity":47,"s:85:3:79:Infinity":48,"f:9:18:9:Infinity":10,"s:9:18:14:20":49,"s:9:18:44:76":50,"s:52:25:52:51":51,"s:52:51:55:5":52,"s:67:10:67:79":53,"s:67:79:68:60":54},"fnNames":{}}}
,"C:\\Users\\patri\\Documents\\front_end\\gig_simulator\\gig_simulator\\src\\utils\\setlistStorage.ts": {"path":"C:\\Users\\patri\\Documents\\front_end\\gig_simulator\\gig_simulator\\src\\utils\\setlistStorage.ts","statementMap":{"0":{"start":{"line":3,"column":20},"end":{"line":3,"column":null}},"1":{"start":{"line":5,"column":6},"end":{"line":8,"column":null}},"2":{"start":{"line":6,"column":14},"end":{"line":6,"column":null}},"3":{"start":{"line":7,"column":2},"end":{"line":7,"column":null}},"4":{"start":{"line":10,"column":13},"end":{"line":14,"column":null}},"5":{"start":{"line":11,"column":14},"end":{"line":11,"column":null}},"6":{"start":{"line":12,"column":2},"end":{"line":12,"column":null}},"7":{"start":{"line":13,"column":2},"end":{"line":13,"column":null}},"8":{"start":{"line":16,"column":13},"end":{"line":17,"column":null}},"9":{"start":{"line":17,"column":2},"end":{"line":17,"column":null}},"10":{"start":{"line":19,"column":13},"end":{"line":20,"column":null}},"11":{"start":{"line":20,"column":2},"end":{"line":20,"column":null}}},"fnMap":{"0":{"name":"(anonymous_0)","decl":{"start":{"line":5,"column":6},"end":{"line":5,"column":57}},"loc":{"start":{"line":5,"column":57},"end":{"line":8,"column":null}},"line":5},"1":{"name":"(anonymous_1)","decl":{"start":{"line":10,"column":13},"end":{"line":10,"column":28}},"loc":{"start":{"line":10,"column":65},"end":{"line":14,"column":null}},"line":10},"2":{"name":"(anonymous_2)","decl":{"start":{"line":16,"column":13},"end":{"line":16,"column":27}},"loc":{"start":{"line":17,"column":2},"end":{"line":17,"column":null}},"line":17},"3":{"name":"(anonymous_3)","decl":{"start":{"line":19,"column":13},"end":{"line":19,"column":null}},"loc":{"start":{"line":20,"column":2},"end":{"line":20,"column":null}},"line":20}},"branchMap":{"0":{"loc":{"start":{"line":7,"column":9},"end":{"line":7,"column":null}},"type":"cond-expr","locations":[{"start":{"line":7,"column":15},"end":{"line":7,"column":33}},{"start":{"line":7,"column":33},"end":{"line":7,"column":null}}],"line":7}},"s":{"0":1,"1":1,"2":0,"3":0,"4":1,"5":0,"6":0,"7":0,"8":1,"9":0,"10":1,"11":0},"f":{"0":0,"1":0,"2":0,"3":0},"b":{"0":[0,0]},"meta":{"lastBranch":1,"lastFunction":4,"lastStatement":12,"seen":{"s:3:20:3:Infinity":0,"s:5:6:8:Infinity":1,"f:5:6:5:57":0,"s:6:14:6:Infinity":2,"s:7:2:7:Infinity":3,"b:7:15:7:33:7:33:7:Infinity":0,"s:10:13:14:Infinity":4,"f:10:13:10:28":1,"s:11:14:11:Infinity":5,"s:12:2:12:Infinity":6,"s:13:2:13:Infinity":7,"s:16:13:17:Infinity":8,"f:16:13:16:27":2,"s:17:2:17:Infinity":9,"s:19:13:20:Infinity":10,"f:19:13:19:Infinity":3,"s:20:2:20:Infinity":11},"fnNames":{}}}
,"C:\\Users\\patri\\Documents\\front_end\\gig_simulator\\gig_simulator\\src\\utils\\add_time\\addTimeDurations.ts": {"path":"C:\\Users\\patri\\Documents\\front_end\\gig_simulator\\gig_simulator\\src\\utils\\add_time\\addTimeDurations.ts","statementMap":{"0":{"start":{"line":4,"column":13},"end":{"line":10,"column":null}},"1":{"start":{"line":5,"column":8},"end":{"line":5,"column":null}},"2":{"start":{"line":6,"column":8},"end":{"line":6,"column":null}},"3":{"start":{"line":7,"column":12},"end":{"line":7,"column":null}},"4":{"start":{"line":9,"column":2},"end":{"line":9,"column":null}},"5":{"start":{"line":13,"column":13},"end":{"line":19,"column":null}},"6":{"start":{"line":14,"column":24},"end":{"line":17,"column":null}},"7":{"start":{"line":15,"column":20},"end":{"line":15,"column":null}},"8":{"start":{"line":16,"column":4},"end":{"line":16,"column":null}},"9":{"start":{"line":18,"column":2},"end":{"line":18,"column":null}},"10":{"start":{"line":22,"column":13},"end":{"line":30,"column":null}},"11":{"start":{"line":23,"column":16},"end":{"line":23,"column":null}},"12":{"start":{"line":24,"column":25},"end":{"line":24,"column":null}},"13":{"start":{"line":25,"column":18},"end":{"line":25,"column":null}},"14":{"start":{"line":26,"column":27},"end":{"line":26,"column":null}},"15":{"start":{"line":27,"column":18},"end":{"line":27,"column":null}},"16":{"start":{"line":29,"column":2},"end":{"line":29,"column":null}},"17":{"start":{"line":33,"column":13},"end":{"line":34,"column":null}},"18":{"start":{"line":34,"column":2},"end":{"line":34,"column":null}},"19":{"start":{"line":37,"column":13},"end":{"line":38,"column":null}},"20":{"start":{"line":38,"column":2},"end":{"line":38,"column":null}}},"fnMap":{"0":{"name":"(anonymous_0)","decl":{"start":{"line":4,"column":13},"end":{"line":4,"column":34}},"loc":{"start":{"line":4,"column":70},"end":{"line":10,"column":null}},"line":4},"1":{"name":"(anonymous_1)","decl":{"start":{"line":13,"column":13},"end":{"line":13,"column":29}},"loc":{"start":{"line":13,"column":68},"end":{"line":19,"column":null}},"line":13},"2":{"name":"(anonymous_2)","decl":{"start":{"line":14,"column":34},"end":{"line":14,"column":42}},"loc":{"start":{"line":14,"column":59},"end":{"line":17,"column":5}},"line":14},"3":{"name":"(anonymous_3)","decl":{"start":{"line":22,"column":13},"end":{"line":22,"column":30}},"loc":{"start":{"line":22,"column":68},"end":{"line":30,"column":null}},"line":22},"4":{"name":"(anonymous_4)","decl":{"start":{"line":33,"column":13},"end":{"line":33,"column":33}},"loc":{"start":{"line":34,"column":2},"end":{"line":34,"column":null}},"line":34},"5":{"name":"(anonymous_5)","decl":{"start":{"line":37,"column":13},"end":{"line":37,"column":31}},"loc":{"start":{"line":38,"column":2},"end":{"line":38,"column":null}},"line":38}},"branchMap":{"0":{"loc":{"start":{"line":5,"column":13},"end":{"line":5,"column":36}},"type":"binary-expr","locations":[{"start":{"line":5,"column":13},"end":{"line":5,"column":31}},{"start":{"line":5,"column":31},"end":{"line":5,"column":36}}],"line":5},"1":{"loc":{"start":{"line":6,"column":13},"end":{"line":6,"column":38}},"type":"binary-expr","locations":[{"start":{"line":6,"column":13},"end":{"line":6,"column":33}},{"start":{"line":6,"column":33},"end":{"line":6,"column":38}}],"line":6},"2":{"loc":{"start":{"line":7,"column":12},"end":{"line":7,"column":null}},"type":"binary-expr","locations":[{"start":{"line":7,"column":12},"end":{"line":7,"column":32}},{"start":{"line":7,"column":32},"end":{"line":7,"column":null}}],"line":7},"3":{"loc":{"start":{"line":38,"column":2},"end":{"line":38,"column":null}},"type":"binary-expr","locations":[{"start":{"line":38,"column":2},"end":{"line":38,"column":40}},{"start":{"line":38,"column":40},"end":{"line":38,"column":null}}],"line":38},"4":{"loc":{"start":{"line":38,"column":9},"end":{"line":38,"column":18}},"type":"binary-expr","locations":[{"start":{"line":38,"column":9},"end":{"line":38,"column":17}},{"start":{"line":38,"column":17},"end":{"line":38,"column":18}}],"line":38}},"s":{"0":3,"1":16,"2":16,"3":16,"4":16,"5":3,"6":6,"7":8,"8":8,"9":6,"10":3,"11":7,"12":7,"13":7,"14":7,"15":7,"16":7,"17":3,"18":3,"19":3,"20":4},"f":{"0":16,"1":6,"2":8,"3":7,"4":3,"5":4},"b":{"0":[16,4],"1":[16,1],"2":[16,1],"3":[4,0],"4":[4,1]},"meta":{"lastBranch":5,"lastFunction":6,"lastStatement":21,"seen":{"s:4:13:10:Infinity":0,"f:4:13:4:34":0,"s:5:8:5:Infinity":1,"b:5:13:5:31:5:31:5:36":0,"s:6:8:6:Infinity":2,"b:6:13:6:33:6:33:6:38":1,"s:7:12:7:Infinity":3,"b:7:12:7:32:7:32:7:Infinity":2,"s:9:2:9:Infinity":4,"s:13:13:19:Infinity":5,"f:13:13:13:29":1,"s:14:24:17:Infinity":6,"f:14:34:14:42":2,"s:15:20:15:Infinity":7,"s:16:4:16:Infinity":8,"s:18:2:18:Infinity":9,"s:22:13:30:Infinity":10,"f:22:13:22:30":3,"s:23:16:23:Infinity":11,"s:24:25:24:Infinity":12,"s:25:18:25:Infinity":13,"s:26:27:26:Infinity":14,"s:27:18:27:Infinity":15,"s:29:2:29:Infinity":16,"s:33:13:34:Infinity":17,"f:33:13:33:33":4,"s:34:2:34:Infinity":18,"s:37:13:38:Infinity":19,"f:37:13:37:31":5,"s:38:2:38:Infinity":20,"b:38:2:38:40:38:40:38:Infinity":3,"b:38:9:38:17:38:17:38:18":4},"fnNames":{}}}
}
